[2024-03-19T15:41:35.822929+00:00] main.INFO: /usr/bin/php8.1 -f /var/www/html/bin/magento cache:flush 2>&1
Flushed cache types:
config
layout
block_html
collections
reflection
db_ddl
compiled_config
eav
customer_notification
config_integration
config_integration_api
full_page
config_webservice
translate [] []
[2024-03-19T15:42:53.977108+00:00] main.INFO: /usr/bin/php8.1 -f /var/www/html/bin/magento setup:di:compile 2>&1
Compilation was started.
%message% 0/9 [>---------------------------]   0% < 1 sec 117.0 MiBProxies code generation... 0/9 [>---------------------------]   0% < 1 sec 117.0 MiB
Proxies code generation... 1/9 [===>------------------------]  11% < 1 sec 121.0 MiB
Repositories code generation... 1/9 [===>------------------------]  11% < 1 sec 121.0 MiB
Repositories code generation... 2/9 [======>---------------------]  22% 10 secs 242.0 MiB
Service data attributes generation... 2/9 [======>---------------------]  22% 10 secs 242.0 MiB
Service data attributes generation... 3/9 [=========>------------------]  33% 11 secs 242.0 MiB
Application code generator... 3/9 [=========>------------------]  33% 11 secs 242.0 MiB
Application code generator... 4/9 [============>---------------]  44% 27 secs 266.0 MiB
Interceptors generation... 4/9 [============>---------------]  44% 27 secs 266.0 MiB
Interceptors generation... 5/9 [===============>------------]  55% 47 secs 302.0 MiB
Area configuration aggregation... 5/9 [===============>------------]  55% 47 secs 302.0 MiB
Area configuration aggregation... 6/9 [==================>---------]  66% 55 secs 402.0 MiB
Interception cache generation... 6/9 [==================>---------]  66% 55 secs 402.0 MiB
Interception cache generation... 7/9 [=====================>------]  77% 1 min 402.0 MiB
App action list generation... 7/9 [=====================>------]  77% 1 min 402.0 MiB
App action list generation... 8/9 [========================>---]  88% 1 min 402.0 MiB
Plugin list generation... 8/9 [========================>---]  88% 1 min 402.0 MiB
Plugin list generation... 9/9 [============================] 100% 1 min 402.0 MiB
Generated code and dependency injection configuration successfully. [] []
[2024-03-19T15:42:56.738060+00:00] main.INFO: /usr/bin/php8.1 -f /var/www/html/bin/magento cache:flush 2>&1
Flushed cache types:
config
layout
block_html
collections
reflection
db_ddl
compiled_config
eav
customer_notification
config_integration
config_integration_api
full_page
config_webservice
translate [] []
[2024-03-19T15:43:24.123949+00:00] main.INFO: /usr/bin/php8.1 -f /var/www/html/bin/magento setup:static-content:deploy -f en_US 2>&1

Deploy using quick strategy
frontend/Magento/blank/en_US            0/2182              >--------------------------- 0%     < 1 sec
[1A[2Kfrontend/Magento/blank/en_US            696/2182            ========>------------------- 31%    1 sec
[1A[2Kfrontend/Magento/blank/en_US            1680/2182           =====================>------ 76%    2 secs
[1A[2Kfrontend/Magento/blank/en_US            2097/2182           ==========================>- 96%    5 secs
[1A[2Kfrontend/Magento/blank/en_US            2101/2182           ==========================>- 96%    6 secs
[1A[2Kfrontend/Magento/blank/en_US            2182/2182           ============================ 100%   6 secs
adminhtml/Magento/backend/en_US         365/2881            ===>------------------------ 12%    1 sec
[1A[2K[1A[2Kfrontend/Magento/blank/en_US            2182/2182           ============================ 100%   6 secs
adminhtml/Magento/backend/en_US         1492/2881           ==============>------------- 51%    2 secs
[1A[2K[1A[2Kfrontend/Magento/blank/en_US            2182/2182           ============================ 100%   6 secs
adminhtml/Magento/backend/en_US         2585/2881           =========================>-- 89%    3 secs
[1A[2K[1A[2Kfrontend/Magento/blank/en_US            2182/2182           ============================ 100%   6 secs
adminhtml/Magento/backend/en_US         2657/2881           =========================>-- 92%    8 secs
[1A[2K[1A[2Kfrontend/Magento/blank/en_US            2182/2182           ============================ 100%   6 secs
adminhtml/Magento/backend/en_US         2881/2881           ============================ 100%   8 secs
frontend/Magento/luma/en_US             696/2198            ========>------------------- 31%    1 sec
[1A[2K[1A[2K[1A[2Kfrontend/Magento/blank/en_US            2182/2182           ============================ 100%   6 secs
adminhtml/Magento/backend/en_US         2881/2881           ============================ 100%   8 secs
frontend/Magento/luma/en_US             1860/2198           =======================>---- 84%    2 secs
[1A[2K[1A[2K[1A[2Kfrontend/Magento/blank/en_US            2182/2182           ============================ 100%   6 secs
adminhtml/Magento/backend/en_US         2881/2881           ============================ 100%   8 secs
frontend/Magento/luma/en_US             2097/2198           ==========================>- 95%    5 secs
[1A[2K[1A[2K[1A[2Kfrontend/Magento/blank/en_US            2182/2182           ============================ 100%   6 secs
adminhtml/Magento/backend/en_US         2881/2881           ============================ 100%   8 secs
frontend/Magento/luma/en_US             2099/2198           ==========================>- 95%    6 secs
[1A[2K[1A[2K[1A[2Kfrontend/Magento/blank/en_US            2182/2182           ============================ 100%   6 secs
adminhtml/Magento/backend/en_US         2881/2881           ============================ 100%   8 secs
frontend/Magento/luma/en_US             2101/2198           ==========================>- 95%    7 secs
[1A[2K[1A[2K[1A[2Kfrontend/Magento/blank/en_US            2182/2182           ============================ 100%   6 secs
adminhtml/Magento/backend/en_US         2881/2881           ============================ 100%   8 secs
frontend/Magento/luma/en_US             2198/2198           ============================ 100%   7 secs
[1A[2K[1A[2K[1A[2Kfrontend/Magento/blank/en_US            2182/2182           ============================ 100%   6 secs
adminhtml/Magento/backend/en_US         2881/2881           ============================ 100%   8 secs
frontend/Magento/luma/en_US             2198/2198           ============================ 100%   7 secs

Execution time: 25.446367025375 [] []
[2024-03-19T15:43:32.459965+00:00] main.ERROR: crontab -l 2>/dev/null 2>&1
no crontab for www-data [] []
[2024-03-19T15:43:32.465248+00:00] main.ERROR: crontab -l 2>/dev/null 2>&1
no crontab for www-data [] []
[2024-03-19T15:43:32.471722+00:00] main.INFO: echo "
#~ MAGENTO START 69dd2b02e1f3a65918182048ea4e29979a849d8942e8f53ed20a4bf10e529b36
* * * * * /usr/bin/php8.1 /var/www/html/bin/magento cron:run 2>&1 | grep -v \"Ran jobs by schedule\" >> /var/www/html/var/log/magento.cron.log
#~ MAGENTO END 69dd2b02e1f3a65918182048ea4e29979a849d8942e8f53ed20a4bf10e529b36
" 2>&1 | crontab - 2>&1
 [] []
[2024-03-19T16:00:08.099055+00:00] main.INFO: Request token x5modoanvr290jxc0fk3cjtz1emmu2m9 was exchanged to obtain access token for consumer 1 [] []
[2024-03-19T17:28:07.076708+00:00] main.INFO: Item Magento_Backend::system_currency was removed [] []
[2024-03-19T17:28:07.101540+00:00] main.INFO: Add of item with id Magento_Config::system_config was processed [] []
[2024-03-19T17:28:07.101724+00:00] main.INFO: Add of item with id Magento_AdminNotification::system_adminnotification was processed [] []
[2024-03-19T17:28:07.101862+00:00] main.INFO: Add of item with id Magento_Theme::design_config was processed [] []
[2024-03-19T17:28:07.101917+00:00] main.INFO: Add of item with id Magento_Theme::system_design_theme was processed [] []
[2024-03-19T17:28:07.101956+00:00] main.INFO: Add of item with id Magento_Backend::system_design_schedule was processed [] []
[2024-03-19T17:28:07.101997+00:00] main.INFO: Add of item with id Magento_Backend::system_store was processed [] []
[2024-03-19T17:28:07.102033+00:00] main.INFO: Add of item with id Magento_Backend::dashboard was processed [] []
[2024-03-19T17:28:07.102068+00:00] main.INFO: Add of item with id Magento_Backend::system was processed [] []
[2024-03-19T17:28:07.102139+00:00] main.INFO: Add of item with id Magento_Backend::system_tools was processed [] []
[2024-03-19T17:28:07.102188+00:00] main.INFO: Add of item with id Magento_Backend::system_design was processed [] []
[2024-03-19T17:28:07.102225+00:00] main.INFO: Add of item with id Magento_Backend::system_convert was processed [] []
[2024-03-19T17:28:07.102271+00:00] main.INFO: Add of item with id Magento_Backend::system_cache was processed [] []
[2024-03-19T17:28:07.102308+00:00] main.INFO: Add of item with id Magento_Backend::marketing was processed [] []
[2024-03-19T17:28:07.102353+00:00] main.INFO: Add of item with id Magento_Backend::marketing_communications was processed [] []
[2024-03-19T17:28:07.102394+00:00] main.INFO: Add of item with id Magento_Backend::marketing_seo was processed [] []
[2024-03-19T17:28:07.102433+00:00] main.INFO: Add of item with id Magento_Backend::marketing_user_content was processed [] []
[2024-03-19T17:28:07.102472+00:00] main.INFO: Add of item with id Magento_Backend::content was processed [] []
[2024-03-19T17:28:07.102510+00:00] main.INFO: Add of item with id Magento_Backend::content_elements was processed [] []
[2024-03-19T17:28:07.102548+00:00] main.INFO: Add of item with id Magento_Backend::stores was processed [] []
[2024-03-19T17:28:07.102595+00:00] main.INFO: Add of item with id Magento_Backend::stores_settings was processed [] []
[2024-03-19T17:28:07.102634+00:00] main.INFO: Add of item with id Magento_Backend::stores_attributes was processed [] []
[2024-03-19T17:28:07.102672+00:00] main.INFO: Add of item with id Magento_Backend::other_settings was processed [] []
[2024-03-19T17:28:07.102710+00:00] main.INFO: Add of item with id Magento_Backend::system_other_settings was processed [] []
[2024-03-19T17:28:07.102746+00:00] main.INFO: Add of item with id Magento_User::system_acl was processed [] []
[2024-03-19T17:28:07.102795+00:00] main.INFO: Add of item with id Magento_User::system_acl_users was processed [] []
[2024-03-19T17:28:07.102921+00:00] main.INFO: Add of item with id Magento_User::system_acl_roles was processed [] []
[2024-03-19T17:28:07.102968+00:00] main.INFO: Add of item with id Magento_User::system_acl_locks was processed [] []
[2024-03-19T17:28:07.103004+00:00] main.INFO: Add of item with id Magento_Customer::customer was processed [] []
[2024-03-19T17:28:07.103069+00:00] main.INFO: Add of item with id Magento_Customer::customer_manage was processed [] []
[2024-03-19T17:28:07.103113+00:00] main.INFO: Add of item with id Magento_Customer::customer_online was processed [] []
[2024-03-19T17:28:07.103151+00:00] main.INFO: Add of item with id Magento_Customer::customer_group was processed [] []
[2024-03-19T17:28:07.103189+00:00] main.INFO: Add of item with id Magento_Backup::system_tools_backup was processed [] []
[2024-03-19T17:28:07.103227+00:00] main.INFO: Add of item with id Magento_Indexer::system_index was processed [] []
[2024-03-19T17:28:07.103266+00:00] main.INFO: Add of item with id Magento_Variable::system_variable was processed [] []
[2024-03-19T17:28:07.103316+00:00] main.INFO: Add of item with id Magento_Cms::cms_page was processed [] []
[2024-03-19T17:28:07.103357+00:00] main.INFO: Add of item with id Magento_Cms::cms_block was processed [] []
[2024-03-19T17:28:07.103405+00:00] main.INFO: Add of item with id Magento_Search::search_terms was processed [] []
[2024-03-19T17:28:07.103446+00:00] main.INFO: Add of item with id Magento_Search::search_synonyms was processed [] []
[2024-03-19T17:28:07.103541+00:00] main.INFO: Add of item with id Magento_Catalog::catalog was processed [] []
[2024-03-19T17:28:07.107853+00:00] main.INFO: Add of item with id Magento_Catalog::catalog_products was processed [] []
[2024-03-19T17:28:07.107985+00:00] main.INFO: Add of item with id Magento_Catalog::catalog_categories was processed [] []
[2024-03-19T17:28:07.108077+00:00] main.INFO: Add of item with id Magento_Catalog::catalog_attributes_attributes was processed [] []
[2024-03-19T17:28:07.108127+00:00] main.INFO: Add of item with id Magento_Catalog::catalog_attributes_sets was processed [] []
[2024-03-19T17:28:07.108200+00:00] main.INFO: Add of item with id Magento_Catalog::inventory was processed [] []
[2024-03-19T17:28:07.108250+00:00] main.INFO: Add of item with id Magento_CatalogRule::promo was processed [] []
[2024-03-19T17:28:07.108304+00:00] main.INFO: Add of item with id Magento_CatalogRule::promo_catalog was processed [] []
[2024-03-19T17:28:07.108348+00:00] main.INFO: Add of item with id Magento_MediaGalleryUi::media was processed [] []
[2024-03-19T17:28:07.108401+00:00] main.INFO: Add of item with id Magento_MediaGalleryUi::media_gallery was processed [] []
[2024-03-19T17:28:07.108446+00:00] main.INFO: Add of item with id Magento_Integration::system_extensions was processed [] []
[2024-03-19T17:28:07.108508+00:00] main.INFO: Add of item with id Magento_Integration::system_integrations was processed [] []
[2024-03-19T17:28:07.108556+00:00] main.INFO: Add of item with id Magento_Sales::sales was processed [] []
[2024-03-19T17:28:07.108607+00:00] main.INFO: Add of item with id Magento_Sales::sales_operation was processed [] []
[2024-03-19T17:28:07.108656+00:00] main.INFO: Add of item with id Magento_Sales::sales_order was processed [] []
[2024-03-19T17:28:07.108699+00:00] main.INFO: Add of item with id Magento_Sales::sales_invoice was processed [] []
[2024-03-19T17:28:07.108737+00:00] main.INFO: Add of item with id Magento_Sales::sales_shipment was processed [] []
[2024-03-19T17:28:07.108777+00:00] main.INFO: Add of item with id Magento_Sales::sales_creditmemo was processed [] []
[2024-03-19T17:28:07.108817+00:00] main.INFO: Add of item with id Magento_Sales::sales_transactions was processed [] []
[2024-03-19T17:28:07.108859+00:00] main.INFO: Add of item with id Magento_Sales::system_order_statuses was processed [] []
[2024-03-19T17:28:07.108985+00:00] main.INFO: Add of item with id Magento_Widget::cms_widget_instance was processed [] []
[2024-03-19T17:28:07.109045+00:00] main.INFO: Add of item with id Magento_Analytics::business_intelligence was processed [] []
[2024-03-19T17:28:07.109099+00:00] main.INFO: Add of item with id Magento_Analytics::advanced_reporting was processed [] []
[2024-03-19T17:28:07.109140+00:00] main.INFO: Add of item with id Magento_Analytics::bi_essentials was processed [] []
[2024-03-19T17:28:07.109208+00:00] main.INFO: Add of item with id Magento_Downloadable::report_products_downloads was processed [] []
[2024-03-19T17:28:07.109260+00:00] main.INFO: Add of item with id Magento_ImportExport::system_convert_import was processed [] []
[2024-03-19T17:28:07.109302+00:00] main.INFO: Add of item with id Magento_ImportExport::system_convert_export was processed [] []
[2024-03-19T17:28:07.109341+00:00] main.INFO: Add of item with id Magento_ImportExport::system_convert_history was processed [] []
[2024-03-19T17:28:07.109391+00:00] main.INFO: Add of item with id Magento_Email::template was processed [] []
[2024-03-19T17:28:07.109435+00:00] main.INFO: Add of item with id Magento_EncryptionKey::system_crypt_key was processed [] []
[2024-03-19T17:28:07.109477+00:00] main.INFO: Add of item with id Magento_InventoryAdminUi::inventory was processed [] []
[2024-03-19T17:28:07.109527+00:00] main.INFO: Add of item with id Magento_InventoryAdminUi::source was processed [] []
[2024-03-19T17:28:07.109569+00:00] main.INFO: Add of item with id Magento_InventoryAdminUi::stock was processed [] []
[2024-03-19T17:28:07.109608+00:00] main.INFO: Add of item with id Magento_Reports::report was processed [] []
[2024-03-19T17:28:07.109649+00:00] main.INFO: Add of item with id Magento_Reports::report_marketing was processed [] []
[2024-03-19T17:28:07.109688+00:00] main.INFO: Add of item with id Magento_Reports::report_salesroot was processed [] []
[2024-03-19T17:28:07.109831+00:00] main.INFO: Add of item with id Magento_Reports::report_salesroot_sales was processed [] []
[2024-03-19T17:28:07.109878+00:00] main.INFO: Add of item with id Magento_Reports::report_salesroot_tax was processed [] []
[2024-03-19T17:28:07.109919+00:00] main.INFO: Add of item with id Magento_Reports::report_salesroot_invoiced was processed [] []
[2024-03-19T17:28:07.110012+00:00] main.INFO: Add of item with id Magento_Reports::report_salesroot_shipping was processed [] []
[2024-03-19T17:28:07.110060+00:00] main.INFO: Add of item with id Magento_Reports::report_salesroot_refunded was processed [] []
[2024-03-19T17:28:07.110098+00:00] main.INFO: Add of item with id Magento_Reports::report_salesroot_coupons was processed [] []
[2024-03-19T17:28:07.110151+00:00] main.INFO: Add of item with id Magento_Reports::report_shopcart_product was processed [] []
[2024-03-19T17:28:07.110193+00:00] main.INFO: Add of item with id Magento_Reports::report_shopcart_abandoned was processed [] []
[2024-03-19T17:28:07.110233+00:00] main.INFO: Add of item with id Magento_Reports::report_products was processed [] []
[2024-03-19T17:28:07.110274+00:00] main.INFO: Add of item with id Magento_Reports::report_products_bestsellers was processed [] []
[2024-03-19T17:28:07.110314+00:00] main.INFO: Add of item with id Magento_Reports::report_products_sold was processed [] []
[2024-03-19T17:28:07.110355+00:00] main.INFO: Add of item with id Magento_Reports::report_products_viewed was processed [] []
[2024-03-19T17:28:07.110397+00:00] main.INFO: Add of item with id Magento_Reports::report_products_lowstock was processed [] []
[2024-03-19T17:28:07.110440+00:00] main.INFO: Add of item with id Magento_Reports::report_customers was processed [] []
[2024-03-19T17:28:07.110495+00:00] main.INFO: Add of item with id Magento_Reports::report_customers_accounts was processed [] []
[2024-03-19T17:28:07.110540+00:00] main.INFO: Add of item with id Magento_Reports::report_customers_totals was processed [] []
[2024-03-19T17:28:07.110578+00:00] main.INFO: Add of item with id Magento_Reports::report_customers_orders was processed [] []
[2024-03-19T17:28:07.110616+00:00] main.INFO: Add of item with id Magento_Reports::report_statistics was processed [] []
[2024-03-19T17:28:07.110666+00:00] main.INFO: Add of item with id Magento_Reports::report_statistics_refresh was processed [] []
[2024-03-19T17:28:07.110725+00:00] main.INFO: Add of item with id Magento_Search::report_search_term was processed [] []
[2024-03-19T17:28:07.110766+00:00] main.INFO: Add of item with id Magento_LoginAsCustomerLog::login_log was processed [] []
[2024-03-19T17:28:07.110807+00:00] main.INFO: Add of item with id Magento_Marketplace::partners was processed [] []
[2024-03-19T17:28:07.110849+00:00] main.INFO: Add of item with id Magento_Newsletter::newsletter_template was processed [] []
[2024-03-19T17:28:07.110890+00:00] main.INFO: Add of item with id Magento_Newsletter::newsletter_queue was processed [] []
[2024-03-19T17:28:07.110929+00:00] main.INFO: Add of item with id Magento_Newsletter::newsletter_subscriber was processed [] []
[2024-03-19T17:28:07.110970+00:00] main.INFO: Add of item with id Magento_Newsletter::newsletter_problem was processed [] []
[2024-03-19T17:28:07.111028+00:00] main.INFO: Add of item with id Magento_SalesRule::promo_quote was processed [] []
[2024-03-19T17:28:07.111131+00:00] main.INFO: Add of item with id Magento_Sitemap::catalog_sitemap was processed [] []
[2024-03-19T17:28:07.111175+00:00] main.INFO: Add of item with id Magento_PageBuilder::templates was processed [] []
[2024-03-19T17:28:07.111217+00:00] main.INFO: Add of item with id Magento_Paypal::report_salesroot_paypal_settlement_reports was processed [] []
[2024-03-19T17:28:07.111258+00:00] main.INFO: Add of item with id Magento_Paypal::paypal_billing_agreement was processed [] []
[2024-03-19T17:28:07.111298+00:00] main.INFO: Add of item with id Magento_CheckoutAgreements::sales_checkoutagreement was processed [] []
[2024-03-19T17:28:07.111339+00:00] main.INFO: Add of item with id Magento_Review::catalog_reviews_ratings_ratings was processed [] []
[2024-03-19T17:28:07.111398+00:00] main.INFO: Add of item with id Magento_Review::catalog_reviews_ratings_pending was processed [] []
[2024-03-19T17:28:07.111440+00:00] main.INFO: Add of item with id Magento_Review::catalog_reviews_ratings_reviews_all was processed [] []
[2024-03-19T17:28:07.111493+00:00] main.INFO: Add of item with id Magento_Review::report_review was processed [] []
[2024-03-19T17:28:07.111543+00:00] main.INFO: Add of item with id Magento_Review::report_review_customer was processed [] []
[2024-03-19T17:28:07.113808+00:00] main.INFO: Add of item with id Magento_Review::report_review_product was processed [] []
[2024-03-19T17:28:07.113943+00:00] main.INFO: Add of item with id Magento_UrlRewrite::urlrewrite was processed [] []
[2024-03-19T17:28:07.113991+00:00] main.INFO: Add of item with id Magento_Tax::sales_tax was processed [] []
[2024-03-19T17:28:07.114067+00:00] main.INFO: Add of item with id Magento_Tax::sales_tax_rules was processed [] []
[2024-03-19T17:28:07.114110+00:00] main.INFO: Add of item with id Magento_Tax::sales_tax_rates was processed [] []
[2024-03-19T17:28:07.114154+00:00] main.INFO: Add of item with id Magento_TaxImportExport::system_convert_tax was processed [] []
[2024-03-19T17:28:07.114196+00:00] main.INFO: Add of item with id Magento_AsynchronousOperations::system_magento_logging was processed [] []
[2024-03-19T17:28:07.114245+00:00] main.INFO: Add of item with id Magento_AsynchronousOperations::system_magento_logging_bulk_operations was processed [] []
[2024-03-19T17:28:07.114287+00:00] main.INFO: Add of item with id Magento_CurrencySymbol::system_currency was processed [] []
[2024-03-19T17:28:07.114334+00:00] main.INFO: Add of item with id Magento_CurrencySymbol::system_currency_rates was processed [] []
[2024-03-19T17:28:07.114376+00:00] main.INFO: Add of item with id Magento_CurrencySymbol::system_currency_symbols was processed [] []
[2024-03-19T17:28:07.114418+00:00] main.INFO: Add of item with id PayPal_Braintree::settlement_report was processed [] []
[2024-03-19T17:28:07.114460+00:00] main.INFO: Add of item with id PayPal_Braintree::virtual_terminal was processed [] []
[2024-03-23T05:43:16.115253+00:00] main.ERROR: The path is not allowed: media/mediamgr/other/jq_fileupload/server/php/ [] []
